<?xml version="1.0" encoding="UTF-8"?>
<testng-results ignored="0" total="1" passed="1" failed="0" skipped="0">
  <reporter-output>
  </reporter-output>
  <suite started-at="2023-05-26T20:51:13Z" name="Default suite" finished-at="2023-05-26T20:51:28Z" duration-ms="14852">
    <groups>
    </groups>
    <test started-at="2023-05-26T20:51:13Z" name="Default test" finished-at="2023-05-26T20:51:28Z" duration-ms="14852">
      <class name="test.NewTest_TNG">
        <test-method signature="f()[pri:0, instance:test.NewTest_TNG@59e505b2]" started-at="2023-05-26T14:51:13Z" name="f" finished-at="2023-05-26T14:51:28Z" duration-ms="14831" status="PASS">
          <reporter-output>
          </reporter-output>
        </test-method> <!-- f -->
      </class> <!-- test.NewTest_TNG -->
    </test> <!-- Default test -->
  </suite> <!-- Default suite -->
</testng-results>
